0 verbose cli /home/roger/.nvm/versions/node/v22.18.0/bin/node /home/roger/.nvm/versions/node/v22.18.0/lib/node_modules/npm/bin/npm-cli.js
1 info using npm@10.9.3
2 info using node@v22.18.0
3 silly config load:file:/home/roger/.nvm/versions/node/v22.18.0/lib/node_modules/npm/npmrc
4 silly config load:file:/home/roger/Desktop/WEBSITE/C4S/React_Vite  C4S/c4s/b12-to-vercel/.npmrc
5 silly config load:file:/home/roger/.npmrc
6 silly config load:file:/home/roger/.nvm/versions/node/v22.18.0/etc/npmrc
7 verbose title npm exec tailwindcss init -p
8 verbose argv "exec" "--" "tailwindcss" "init" "-p"
9 verbose logfile logs-max:10 dir:/home/roger/Desktop/WEBSITE/C4S/React_Vite  C4S/c4s/b12-to-vercel/.npm-cache/_logs/2025-11-15T13_14_40_589Z-
10 verbose logfile /home/roger/Desktop/WEBSITE/C4S/React_Vite  C4S/c4s/b12-to-vercel/.npm-cache/_logs/2025-11-15T13_14_40_589Z-debug-0.log
11 silly logfile done cleaning log files
12 http fetch GET https://registry.npmjs.org/npm attempt 1 failed with EAI_AGAIN
13 silly packumentCache heap:4345298944 maxSize:1086324736 maxEntrySize:543162368
14 verbose stack Error: could not determine executable to run
14 verbose stack     at getBinFromManifest (/home/roger/.nvm/versions/node/v22.18.0/lib/node_modules/npm/node_modules/libnpmexec/lib/get-bin-from-manifest.js:17:23)
14 verbose stack     at exec (/home/roger/.nvm/versions/node/v22.18.0/lib/node_modules/npm/node_modules/libnpmexec/lib/index.js:202:15)
14 verbose stack     at async Npm.exec (/home/roger/.nvm/versions/node/v22.18.0/lib/node_modules/npm/lib/npm.js:207:9)
14 verbose stack     at async module.exports (/home/roger/.nvm/versions/node/v22.18.0/lib/node_modules/npm/lib/cli/entry.js:74:5)
15 verbose pkgid tailwindcss@4.1.17
16 error could not determine executable to run
17 verbose cwd /home/roger/Desktop/WEBSITE/C4S/React_Vite  C4S/c4s/b12-to-vercel
18 verbose os Linux 6.8.0-48-generic
19 verbose node v22.18.0
20 verbose npm  v10.9.3
21 verbose exit 1
22 verbose code 1
23 error A complete log of this run can be found in: /home/roger/Desktop/WEBSITE/C4S/React_Vite  C4S/c4s/b12-to-vercel/.npm-cache/_logs/2025-11-15T13_14_40_589Z-debug-0.log
